<?xml version="1.0" encoding="UTF-8"?>
<testng-results ignored="0" total="1" passed="1" failed="0" skipped="0">
  <reporter-output>
    <line>
      <![CDATA[testAssignment : Test Case Started ]]>
    </line>
    <line>
      <![CDATA[testAssignment : Test Case End Successfully  ]]>
    </line>
  </reporter-output>
  <suite started-at="2024-03-16T13:28:52 IST" name="Test Suite-1" finished-at="2024-03-16T13:29:02 IST" duration-ms="10426">
    <groups>
    </groups>
    <test started-at="2024-03-16T13:28:52 IST" name="Test Case-1" finished-at="2024-03-16T13:29:02 IST" duration-ms="10426">
      <class name="BookATest.assignment">
        <test-method is-config="true" signature="setUp()[pri:0, instance:BookATest.assignment@22295ec4]" started-at="2024-03-16T13:28:52 IST" name="setUp" finished-at="2024-03-16T13:28:58 IST" duration-ms="5617" status="PASS">
          <reporter-output>
          </reporter-output>
        </test-method> <!-- setUp -->
        <test-method signature="testAssignment()[pri:0, instance:BookATest.assignment@22295ec4]" started-at="2024-03-16T13:28:58 IST" name="testAssignment" finished-at="2024-03-16T13:29:02 IST" duration-ms="4764" status="PASS">
          <reporter-output>
            <line>
              <![CDATA[testAssignment : Test Case Started ]]>
            </line>
            <line>
              <![CDATA[testAssignment : Test Case End Successfully  ]]>
            </line>
          </reporter-output>
        </test-method> <!-- testAssignment -->
      </class> <!-- BookATest.assignment -->
    </test> <!-- Test Case-1 -->
  </suite> <!-- Test Suite-1 -->
</testng-results>
